
> sabyasachi-portfolio@1.0.0 start
> node server.js

node:events:495
      throw er; // Unhandled 'error' event
      ^

Error: listen EADDRINUSE: address already in use :::3000
    at Server.setupListenHandle [as _listen2] (node:net:1817:16)
    at listenInCluster (node:net:1865:12)
    at Server.listen (node:net:1953:7)
    at Function.listen (/Users/sabyasachi/Documents/my_portfolio_github/Portfolio/node_modules/express/lib/application.js:635:24)
    at /Users/sabyasachi/Documents/my_portfolio_github/Portfolio/server.js:560:9
Emitted 'error' event on Server instance at:
    at emitErrorNT (node:net:1844:8)
    at process.processTicksAndRejections (node:internal/process/task_queues:82:21) {
  code: 'EADDRINUSE',
  errno: -48,
  syscall: 'listen',
  address: '::',
  port: 3000
}

Node.js v18.20.4
